/usr/bin/java
Connecting to localhost:2281
2019-05-16 15:48:27,860 [myid:] - INFO  [main:Environment@109] - Client environment:zookeeper.version=3.5.5-9872e7efe7b1cad61b8db16382260dda1f63e40e, built on 04/25/2019 14:06 GMT
2019-05-16 15:48:27,866 [myid:] - INFO  [main:Environment@109] - Client environment:host.name=ignatius
2019-05-16 15:48:27,867 [myid:] - INFO  [main:Environment@109] - Client environment:java.version=1.8.0_212
2019-05-16 15:48:27,871 [myid:] - INFO  [main:Environment@109] - Client environment:java.vendor=Oracle Corporation
2019-05-16 15:48:27,871 [myid:] - INFO  [main:Environment@109] - Client environment:java.home=/usr/lib/jvm/java-8-openjdk-amd64/jre
2019-05-16 15:48:27,871 [myid:] - INFO  [main:Environment@109] - Client environment:java.class.path=/home/raul/Documents/workspace/mine/curator-issue/zookeeper/bin/../zookeeper-server/target/classes:/home/raul/Documents/workspace/mine/curator-issue/zookeeper/bin/../build/classes:/home/raul/Documents/workspace/mine/curator-issue/zookeeper/bin/../zookeeper-server/target/lib/zookeeper-jute-3.5.5.jar:/home/raul/Documents/workspace/mine/curator-issue/zookeeper/bin/../zookeeper-server/target/lib/token-provider-1.1.0.jar:/home/raul/Documents/workspace/mine/curator-issue/zookeeper/bin/../zookeeper-server/target/lib/spotbugs-annotations-3.1.9.jar:/home/raul/Documents/workspace/mine/curator-issue/zookeeper/bin/../zookeeper-server/target/lib/slf4j-log4j12-1.7.25.jar:/home/raul/Documents/workspace/mine/curator-issue/zookeeper/bin/../zookeeper-server/target/lib/slf4j-api-1.7.25.jar:/home/raul/Documents/workspace/mine/curator-issue/zookeeper/bin/../zookeeper-server/target/lib/nimbus-jose-jwt-4.41.2.jar:/home/raul/Documents/workspace/mine/curator-issue/zookeeper/bin/../zookeeper-server/target/lib/netty-all-4.1.29.Final.jar:/home/raul/Documents/workspace/mine/curator-issue/zookeeper/bin/../zookeeper-server/target/lib/mockito-all-1.8.5.jar:/home/raul/Documents/workspace/mine/curator-issue/zookeeper/bin/../zookeeper-server/target/lib/log4j-1.2.17.jar:/home/raul/Documents/workspace/mine/curator-issue/zookeeper/bin/../zookeeper-server/target/lib/kerby-xdr-1.1.0.jar:/home/raul/Documents/workspace/mine/curator-issue/zookeeper/bin/../zookeeper-server/target/lib/kerby-util-1.1.0.jar:/home/raul/Documents/workspace/mine/curator-issue/zookeeper/bin/../zookeeper-server/target/lib/kerby-pkix-1.1.0.jar:/home/raul/Documents/workspace/mine/curator-issue/zookeeper/bin/../zookeeper-server/target/lib/kerby-config-1.1.0.jar:/home/raul/Documents/workspace/mine/curator-issue/zookeeper/bin/../zookeeper-server/target/lib/kerby-asn1-1.1.0.jar:/home/raul/Documents/workspace/mine/curator-issue/zookeeper/bin/../zookeeper-server/target/lib/kerb-util-1.1.0.jar:/home/raul/Documents/workspace/mine/curator-issue/zookeeper/bin/../zookeeper-server/target/lib/kerb-simplekdc-1.1.0.jar:/home/raul/Documents/workspace/mine/curator-issue/zookeeper/bin/../zookeeper-server/target/lib/kerb-server-1.1.0.jar:/home/raul/Documents/workspace/mine/curator-issue/zookeeper/bin/../zookeeper-server/target/lib/kerb-identity-1.1.0.jar:/home/raul/Documents/workspace/mine/curator-issue/zookeeper/bin/../zookeeper-server/target/lib/kerb-crypto-1.1.0.jar:/home/raul/Documents/workspace/mine/curator-issue/zookeeper/bin/../zookeeper-server/target/lib/kerb-core-1.1.0.jar:/home/raul/Documents/workspace/mine/curator-issue/zookeeper/bin/../zookeeper-server/target/lib/kerb-common-1.1.0.jar:/home/raul/Documents/workspace/mine/curator-issue/zookeeper/bin/../zookeeper-server/target/lib/kerb-client-1.1.0.jar:/home/raul/Documents/workspace/mine/curator-issue/zookeeper/bin/../zookeeper-server/target/lib/kerb-admin-1.1.0.jar:/home/raul/Documents/workspace/mine/curator-issue/zookeeper/bin/../zookeeper-server/target/lib/junit-4.12.jar:/home/raul/Documents/workspace/mine/curator-issue/zookeeper/bin/../zookeeper-server/target/lib/jsr305-3.0.2.jar:/home/raul/Documents/workspace/mine/curator-issue/zookeeper/bin/../zookeeper-server/target/lib/json-smart-2.3.jar:/home/raul/Documents/workspace/mine/curator-issue/zookeeper/bin/../zookeeper-server/target/lib/json-simple-1.1.1.jar:/home/raul/Documents/workspace/mine/curator-issue/zookeeper/bin/../zookeeper-server/target/lib/jline-2.11.jar:/home/raul/Documents/workspace/mine/curator-issue/zookeeper/bin/../zookeeper-server/target/lib/jetty-util-9.4.17.v20190418.jar:/home/raul/Documents/workspace/mine/curator-issue/zookeeper/bin/../zookeeper-server/target/lib/jetty-util-9.4.15.v20190215.jar:/home/raul/Documents/workspace/mine/curator-issue/zookeeper/bin/../zookeeper-server/target/lib/jetty-servlet-9.4.17.v20190418.jar:/home/raul/Documents/workspace/mine/curator-issue/zookeeper/bin/../zookeeper-server/target/lib/jetty-servlet-9.4.15.v20190215.jar:/home/raul/Documents/workspace/mine/curator-issue/zookeeper/bin/../zookeeper-server/target/lib/jetty-server-9.4.17.v20190418.jar:/home/raul/Documents/workspace/mine/curator-issue/zookeeper/bin/../zookeeper-server/target/lib/jetty-server-9.4.15.v20190215.jar:/home/raul/Documents/workspace/mine/curator-issue/zookeeper/bin/../zookeeper-server/target/lib/jetty-security-9.4.17.v20190418.jar:/home/raul/Documents/workspace/mine/curator-issue/zookeeper/bin/../zookeeper-server/target/lib/jetty-security-9.4.15.v20190215.jar:/home/raul/Documents/workspace/mine/curator-issue/zookeeper/bin/../zookeeper-server/target/lib/jetty-io-9.4.17.v20190418.jar:/home/raul/Documents/workspace/mine/curator-issue/zookeeper/bin/../zookeeper-server/target/lib/jetty-io-9.4.15.v20190215.jar:/home/raul/Documents/workspace/mine/curator-issue/zookeeper/bin/../zookeeper-server/target/lib/jetty-http-9.4.17.v20190418.jar:/home/raul/Documents/workspace/mine/curator-issue/zookeeper/bin/../zookeeper-server/target/lib/jetty-http-9.4.15.v20190215.jar:/home/raul/Documents/workspace/mine/curator-issue/zookeeper/bin/../zookeeper-server/target/lib/jcip-annotations-1.0-1.jar:/home/raul/Documents/workspace/mine/curator-issue/zookeeper/bin/../zookeeper-server/target/lib/javax.servlet-api-3.1.0.jar:/home/raul/Documents/workspace/mine/curator-issue/zookeeper/bin/../zookeeper-server/target/lib/jackson-databind-2.9.8.jar:/home/raul/Documents/workspace/mine/curator-issue/zookeeper/bin/../zookeeper-server/target/lib/jackson-core-2.9.8.jar:/home/raul/Documents/workspace/mine/curator-issue/zookeeper/bin/../zookeeper-server/target/lib/jackson-annotations-2.9.0.jar:/home/raul/Documents/workspace/mine/curator-issue/zookeeper/bin/../zookeeper-server/target/lib/hamcrest-core-1.3.jar:/home/raul/Documents/workspace/mine/curator-issue/zookeeper/bin/../zookeeper-server/target/lib/hamcrest-all-1.3.jar:/home/raul/Documents/workspace/mine/curator-issue/zookeeper/bin/../zookeeper-server/target/lib/commons-io-2.6.jar:/home/raul/Documents/workspace/mine/curator-issue/zookeeper/bin/../zookeeper-server/target/lib/commons-collections-3.2.2.jar:/home/raul/Documents/workspace/mine/curator-issue/zookeeper/bin/../zookeeper-server/target/lib/commons-cli-1.2.jar:/home/raul/Documents/workspace/mine/curator-issue/zookeeper/bin/../zookeeper-server/target/lib/bcprov-jdk15on-1.60.jar:/home/raul/Documents/workspace/mine/curator-issue/zookeeper/bin/../zookeeper-server/target/lib/bcpkix-jdk15on-1.60.jar:/home/raul/Documents/workspace/mine/curator-issue/zookeeper/bin/../zookeeper-server/target/lib/audience-annotations-0.5.0.jar:/home/raul/Documents/workspace/mine/curator-issue/zookeeper/bin/../zookeeper-server/target/lib/asm-5.0.4.jar:/home/raul/Documents/workspace/mine/curator-issue/zookeeper/bin/../zookeeper-server/target/lib/accessors-smart-1.2.jar:/home/raul/Documents/workspace/mine/curator-issue/zookeeper/bin/../build/lib/*.jar:/home/raul/Documents/workspace/mine/curator-issue/zookeeper/bin/../lib/*.jar:/home/raul/Documents/workspace/mine/curator-issue/zookeeper/bin/../zookeeper-*.jar:/home/raul/Documents/workspace/mine/curator-issue/zookeeper/bin/../zookeeper-server/src/main/resources/lib/*.jar:/home/raul/Documents/workspace/mine/curator-issue/zookeeper/bin/../conf:
2019-05-16 15:48:27,877 [myid:] - INFO  [main:Environment@109] - Client environment:java.library.path=/usr/java/packages/lib/amd64:/usr/lib/x86_64-linux-gnu/jni:/lib/x86_64-linux-gnu:/usr/lib/x86_64-linux-gnu:/usr/lib/jni:/lib:/usr/lib
2019-05-16 15:48:27,878 [myid:] - INFO  [main:Environment@109] - Client environment:java.io.tmpdir=/tmp
2019-05-16 15:48:27,878 [myid:] - INFO  [main:Environment@109] - Client environment:java.compiler=<NA>
2019-05-16 15:48:27,878 [myid:] - INFO  [main:Environment@109] - Client environment:os.name=Linux
2019-05-16 15:48:27,878 [myid:] - INFO  [main:Environment@109] - Client environment:os.arch=amd64
2019-05-16 15:48:27,878 [myid:] - INFO  [main:Environment@109] - Client environment:os.version=4.18.0-18-generic
2019-05-16 15:48:27,878 [myid:] - INFO  [main:Environment@109] - Client environment:user.name=raul
2019-05-16 15:48:27,878 [myid:] - INFO  [main:Environment@109] - Client environment:user.home=/home/raul
2019-05-16 15:48:27,878 [myid:] - INFO  [main:Environment@109] - Client environment:user.dir=/home/raul/Documents/workspace/mine/curator-issue/zookeeper
2019-05-16 15:48:27,878 [myid:] - INFO  [main:Environment@109] - Client environment:os.memory.free=139MB
2019-05-16 15:48:27,891 [myid:] - INFO  [main:Environment@109] - Client environment:os.memory.max=228MB
2019-05-16 15:48:27,891 [myid:] - INFO  [main:Environment@109] - Client environment:os.memory.total=148MB
2019-05-16 15:48:27,897 [myid:] - INFO  [main:ZooKeeper@868] - Initiating client connection, connectString=localhost:2281 sessionTimeout=30000 watcher=org.apache.zookeeper.ZooKeeperMain$MyWatcher@621be5d1
2019-05-16 15:48:27,902 [myid:] - INFO  [main:X509Util@79] - Setting -D jdk.tls.rejectClientInitiatedRenegotiation=true to disable client-initiated TLS renegotiation
2019-05-16 15:48:28,173 [myid:] - INFO  [main:ClientCnxnSocket@237] - jute.maxbuffer value is 4194304 Bytes
2019-05-16 15:48:28,181 [myid:] - INFO  [main:ClientCnxn@1653] - zookeeper.request.timeout value is 0. feature enabled=
Welcome to ZooKeeper!
JLine support is enabled
2019-05-16 15:48:28,206 [myid:localhost:2281] - INFO  [main-SendThread(localhost:2281):ClientCnxn$SendThread@1112] - Opening socket connection to server localhost/127.0.0.1:2281. Will not attempt to authenticate using SASL (unknown error)
[zk: localhost:2281(CONNECTING) 0] 2019-05-16 15:48:28,530 [myid:localhost:2281] - INFO  [epollEventLoopGroup-2-1:ClientCnxnSocketNetty$ZKClientPipelineFactory@460] - SSL handler added for channel: [id: 0x7cf375bb]
2019-05-16 15:48:28,548 [myid:localhost:2281] - INFO  [epollEventLoopGroup-2-1:ClientCnxn$SendThread@959] - Socket connection established, initiating session, client: /127.0.0.1:48934, server: localhost/127.0.0.1:2281
2019-05-16 15:48:28,550 [myid:localhost:2281] - INFO  [epollEventLoopGroup-2-1:ClientCnxnSocketNetty$1@188] - channel is connected: [id: 0x7cf375bb, L:/127.0.0.1:48934 - R:localhost/127.0.0.1:2281]
2019-05-16 15:48:29,344 [myid:localhost:2281] - INFO  [epollEventLoopGroup-2-1:ClientCnxn$SendThread@1394] - Session establishment complete on server localhost/127.0.0.1:2281, sessionid = 0x1000143558d0000, negotiated timeout = 30000

WATCHER::

WatchedEvent state:SyncConnected type:None path:null

[zk: localhost:2281(CONNECTED) 0] ls /
[pravega, zookeeper]
[zk: localhost:2281(CONNECTED) 1] ls /
[pravega, zookeeper]
[zk: localhost:2281(CONNECTED) 2] ls /zookeeper
